<?xml version="1.0" encoding="UTF-8"?>
<testsuite xmlns:xsi="http://www.w3.org/2001/XMLSchema-instance" xsi:noNamespaceSchemaLocation="https://maven.apache.org/surefire/maven-surefire-plugin/xsd/surefire-test-report.xsd" version="3.0.2" name="com.example.demo.DemoApplicationTests" time="9.543" tests="1" errors="0" skipped="0" failures="0">
  <properties>
[...]
</properties>
  <testcase name="contextLoads" classname="com.example.demo.DemoApplicationTests" time="0.541">
    <system-out><![CDATA[10:58:38.605 [main] INFO org.springframework.test.context.support.AnnotationConfigContextLoaderUtils -- Could not detect default configuration classes for test class [com.example.demo.DemoApplicationTests]: DemoApplicationTests does not declare any static, non-private, non-final, nested classes annotated with @Configuration.
10:58:38.785 [main] INFO org.springframework.boot.test.context.SpringBootTestContextBootstrapper -- Found @SpringBootConfiguration com.example.demo.DemoApplication for test class com.example.demo.DemoApplicationTests

  .   ____          _            __ _ _
 /\\ / ___'_ __ _ _(_)_ __  __ _ \ \ \ \
( ( )\___ | '_ | '_| | '_ \/ _` | \ \ \ \
 \\/  ___)| |_)| | | | | || (_| |  ) ) ) )
  '  |____| .__|_| |_|_| |_\__, | / / / /
 =========|_|==============|___/=/_/_/_/

 :: Spring Boot ::                (v3.5.3)

2025-07-25T10:58:39.648+01:00  INFO 28640 --- [demo] [           main] com.example.demo.DemoApplicationTests    : Starting DemoApplicationTests using Java 17.0.12 with PID 28640 (started by zassy in C:\Users\zassy\Downloads\demo (1)\demo)
2025-07-25T10:58:39.650+01:00  INFO 28640 --- [demo] [           main] com.example.demo.DemoApplicationTests    : No active profile set, falling back to 1 default profile: "default"
2025-07-25T10:58:41.267+01:00  INFO 28640 --- [demo] [           main] .s.d.r.c.RepositoryConfigurationDelegate : Bootstrapping Spring Data JPA repositories in DEFAULT mode.
2025-07-25T10:58:41.399+01:00  INFO 28640 --- [demo] [           main] .s.d.r.c.RepositoryConfigurationDelegate : Finished Spring Data repository scanning in 114 ms. Found 5 JPA repository interfaces.
2025-07-25T10:58:42.177+01:00  INFO 28640 --- [demo] [           main] com.zaxxer.hikari.HikariDataSource       : HikariPool-1 - Starting...
2025-07-25T10:58:42.865+01:00  INFO 28640 --- [demo] [           main] com.zaxxer.hikari.pool.HikariPool        : HikariPool-1 - Added connection com.mysql.cj.jdbc.ConnectionImpl@adafe19
2025-07-25T10:58:42.867+01:00  INFO 28640 --- [demo] [           main] com.zaxxer.hikari.HikariDataSource       : HikariPool-1 - Start completed.
2025-07-25T10:58:42.934+01:00  INFO 28640 --- [demo] [           main] org.flywaydb.core.FlywayExecutor         : Database: jdbc:mysql://localhost:3306/app (MySQL 8.0)
2025-07-25T10:58:43.034+01:00  INFO 28640 --- [demo] [           main] o.f.core.internal.command.DbValidate     : Successfully validated 1 migration (execution time 00:00.064s)
2025-07-25T10:58:43.060+01:00  INFO 28640 --- [demo] [           main] o.f.core.internal.command.DbMigrate      : Current version of schema `app`: 1
2025-07-25T10:58:43.068+01:00  INFO 28640 --- [demo] [           main] o.f.core.internal.command.DbMigrate      : Schema `app` is up to date. No migration necessary.
2025-07-25T10:58:43.276+01:00  INFO 28640 --- [demo] [           main] o.hibernate.jpa.internal.util.LogHelper  : HHH000204: Processing PersistenceUnitInfo [name: default]
2025-07-25T10:58:43.440+01:00  INFO 28640 --- [demo] [           main] org.hibernate.Version                    : HHH000412: Hibernate ORM core version 6.3.1.Final
2025-07-25T10:58:43.532+01:00  INFO 28640 --- [demo] [           main] o.h.c.internal.RegionFactoryInitiator    : HHH000026: Second-level cache disabled
2025-07-25T10:58:43.965+01:00  INFO 28640 --- [demo] [           main] o.s.o.j.p.SpringPersistenceUnitInfo      : No LoadTimeWeaver setup: ignoring JPA class transformer
2025-07-25T10:58:44.049+01:00  WARN 28640 --- [demo] [           main] org.hibernate.orm.deprecation            : HHH90000025: MySQL8Dialect does not need to be specified explicitly using 'hibernate.dialect' (remove the property setting and it will be selected by default)
2025-07-25T10:58:44.050+01:00  WARN 28640 --- [demo] [           main] org.hibernate.orm.deprecation            : HHH90000026: MySQL8Dialect has been deprecated; use org.hibernate.dialect.MySQLDialect instead
2025-07-25T10:58:45.253+01:00  INFO 28640 --- [demo] [           main] o.h.e.t.j.p.i.JtaPlatformInitiator       : HHH000489: No JTA platform available (set 'hibernate.transaction.jta.platform' to enable JTA platform integration)
2025-07-25T10:58:45.256+01:00  INFO 28640 --- [demo] [           main] j.LocalContainerEntityManagerFactoryBean : Initialized JPA EntityManagerFactory for persistence unit 'default'
2025-07-25T10:58:45.657+01:00  INFO 28640 --- [demo] [           main] o.s.d.j.r.query.QueryEnhancerFactory     : Hibernate is in classpath; If applicable, HQL parser will be used.
2025-07-25T10:58:46.430+01:00  WARN 28640 --- [demo] [           main] JpaBaseConfiguration$JpaWebConfiguration : spring.jpa.open-in-view is enabled by default. Therefore, database queries may be performed during view rendering. Explicitly configure spring.jpa.open-in-view to disable this warning
2025-07-25T10:58:47.235+01:00  INFO 28640 --- [demo] [           main] o.s.b.a.e.web.EndpointLinksResolver      : Exposing 1 endpoint beneath base path '/actuator'
2025-07-25T10:58:47.346+01:00  INFO 28640 --- [demo] [           main] com.example.demo.DemoApplicationTests    : Started DemoApplicationTests in 8.255 seconds (process running for 9.904)
]]></system-out>
  </testcase>
</testsuite>